<?xml version="1.0" encoding="UTF-8"?>
<!-- Generated by org.testng.reporters.JUnitReportReporter -->
<testsuite hostname="DESKTOP-ILR81RO" failures="0" tests="4" name="jenkinsPractise.JenkinsPractise" time="12.258" errors="0" timestamp="2024-10-26T15:22:45 IST" skipped="0">
  <testcase classname="jenkinsPractise.JenkinsPractise" name="login" time="12.251"/>
  <testcase classname="jenkinsPractise.JenkinsPractise" name="operation" time="0.003"/>
  <testcase classname="jenkinsPractise.JenkinsPractise" name="logout" time="0.002"/>
  <testcase classname="jenkinsPractise.JenkinsPractise" name="payment" time="0.002"/>
</testsuite> <!-- jenkinsPractise.JenkinsPractise -->
